Generated at 2018-03-13 19:12:39 +0530
SystemExit: exit
/opt/chefdk/embedded/lib/ruby/gems/2.3.0/gems/chef-12.19.36/lib/chef/application.rb:368:in `exit'
/opt/chefdk/embedded/lib/ruby/gems/2.3.0/gems/chef-12.19.36/lib/chef/application.rb:368:in `fatal!'
/opt/chefdk/embedded/lib/ruby/gems/2.3.0/gems/chef-12.19.36/lib/chef/application.rb:64:in `block in setup_signal_handlers'
/opt/chefdk/embedded/lib/ruby/gems/2.3.0/gems/mixlib-shellout-2.2.7/lib/mixlib/shellout/unix.rb:275:in `select'
/opt/chefdk/embedded/lib/ruby/gems/2.3.0/gems/mixlib-shellout-2.2.7/lib/mixlib/shellout/unix.rb:275:in `attempt_buffer_read'
/opt/chefdk/embedded/lib/ruby/gems/2.3.0/gems/mixlib-shellout-2.2.7/lib/mixlib/shellout/unix.rb:141:in `run_command'
/opt/chefdk/embedded/lib/ruby/gems/2.3.0/gems/mixlib-shellout-2.2.7/lib/mixlib/shellout.rb:259:in `run_command'
/opt/chefdk/embedded/lib/ruby/gems/2.3.0/gems/ohai-8.23.0/lib/ohai/mixin/command.rb:38:in `shell_out'
/opt/chefdk/embedded/lib/ruby/gems/2.3.0/gems/ohai-8.23.0/lib/ohai/plugins/linux/network.rb:179:in `block in ethernet_ring_parameters'
/opt/chefdk/embedded/lib/ruby/gems/2.3.0/gems/ohai-8.23.0/lib/ohai/plugins/linux/network.rb:177:in `each_key'
/opt/chefdk/embedded/lib/ruby/gems/2.3.0/gems/ohai-8.23.0/lib/ohai/plugins/linux/network.rb:177:in `ethernet_ring_parameters'
/opt/chefdk/embedded/lib/ruby/gems/2.3.0/gems/ohai-8.23.0/lib/ohai/plugins/linux/network.rb:634:in `block (2 levels) in <main>'
/opt/chefdk/embedded/lib/ruby/gems/2.3.0/gems/ohai-8.23.0/lib/ohai/dsl/plugin/versionvii.rb:88:in `instance_eval'
/opt/chefdk/embedded/lib/ruby/gems/2.3.0/gems/ohai-8.23.0/lib/ohai/dsl/plugin/versionvii.rb:88:in `run_plugin'
/opt/chefdk/embedded/lib/ruby/gems/2.3.0/gems/ohai-8.23.0/lib/ohai/dsl/plugin.rb:100:in `run'
/opt/chefdk/embedded/lib/ruby/gems/2.3.0/gems/ohai-8.23.0/lib/ohai/dsl/plugin.rb:184:in `safe_run'
/opt/chefdk/embedded/lib/ruby/gems/2.3.0/gems/ohai-8.23.0/lib/ohai/runner.rb:84:in `run_v7_plugin'
/opt/chefdk/embedded/lib/ruby/gems/2.3.0/gems/ohai-8.23.0/lib/ohai/runner.rb:43:in `run_plugin'
/opt/chefdk/embedded/lib/ruby/gems/2.3.0/gems/ohai-8.23.0/lib/ohai/system.rb:98:in `block in run_plugins'
/opt/chefdk/embedded/lib/ruby/gems/2.3.0/gems/ohai-8.23.0/lib/ohai/system.rb:97:in `each'
/opt/chefdk/embedded/lib/ruby/gems/2.3.0/gems/ohai-8.23.0/lib/ohai/system.rb:97:in `run_plugins'
/opt/chefdk/embedded/lib/ruby/gems/2.3.0/gems/ohai-8.23.0/lib/ohai/system.rb:75:in `all_plugins'
/opt/chefdk/embedded/lib/ruby/gems/2.3.0/gems/chef-12.19.36/lib/chef/client.rb:561:in `run_ohai'
/opt/chefdk/embedded/lib/ruby/gems/2.3.0/gems/chef-12.19.36/lib/chef/client.rb:265:in `run'
/opt/chefdk/embedded/lib/ruby/gems/2.3.0/gems/chef-12.19.36/lib/chef/application.rb:295:in `block in fork_chef_client'
/opt/chefdk/embedded/lib/ruby/gems/2.3.0/gems/chef-12.19.36/lib/chef/application.rb:283:in `fork'
/opt/chefdk/embedded/lib/ruby/gems/2.3.0/gems/chef-12.19.36/lib/chef/application.rb:283:in `fork_chef_client'
/opt/chefdk/embedded/lib/ruby/gems/2.3.0/gems/chef-12.19.36/lib/chef/application.rb:248:in `block in run_chef_client'
/opt/chefdk/embedded/lib/ruby/gems/2.3.0/gems/chef-12.19.36/lib/chef/local_mode.rb:44:in `with_server_connectivity'
/opt/chefdk/embedded/lib/ruby/gems/2.3.0/gems/chef-12.19.36/lib/chef/application.rb:236:in `run_chef_client'
/opt/chefdk/embedded/lib/ruby/gems/2.3.0/gems/chef-12.19.36/lib/chef/application/client.rb:464:in `sleep_then_run_chef_client'
/opt/chefdk/embedded/lib/ruby/gems/2.3.0/gems/chef-12.19.36/lib/chef/application/client.rb:451:in `block in interval_run_chef_client'
/opt/chefdk/embedded/lib/ruby/gems/2.3.0/gems/chef-12.19.36/lib/chef/application/client.rb:450:in `loop'
/opt/chefdk/embedded/lib/ruby/gems/2.3.0/gems/chef-12.19.36/lib/chef/application/client.rb:450:in `interval_run_chef_client'
/opt/chefdk/embedded/lib/ruby/gems/2.3.0/gems/chef-12.19.36/lib/chef/application/client.rb:434:in `run_application'
/opt/chefdk/embedded/lib/ruby/gems/2.3.0/gems/chef-12.19.36/lib/chef/application.rb:59:in `run'
/opt/chefdk/embedded/lib/ruby/gems/2.3.0/gems/chef-12.19.36/lib/chef/application/solo.rb:226:in `run'
/opt/chefdk/embedded/lib/ruby/gems/2.3.0/gems/chef-12.19.36/bin/chef-solo:25:in `<top (required)>'
/usr/bin/chef-solo:58:in `load'
/usr/bin/chef-solo:58:in `<main>'